<?xml version="1.0" encoding="UTF-8"?>
<!-- Generated by org.testng.reporters.JUnitXMLReporter -->
<testsuite ignored="0" hostname="DESKTOP-5FSEJQS" failures="0" tests="2" name="Test" time="135.7" errors="0" timestamp="2024-01-18T17:19:21 IST">
  <testcase classname="coverFoxTest.CF_TC556_Validate_Pincode_Error_Message" name="validatePinCodeErrorMsg" time="0.6"/>
  <testcase classname="coverFoxTest.CF_TC555_Validate_search_results_for_healthcare_policies" name="validateTestPlansFromTextAndBanners" time="14.483"/>
</testsuite> <!-- Test -->
