<?xml version="1.0" encoding="UTF-8"?>
<testng-results ignored="0" total="2" passed="2" failed="0" skipped="0">
  <reporter-output>
    <line>
      <![CDATA[Launching browser]]>
    </line>
    <line>
      <![CDATA[Reading data from Excel ]]>
    </line>
    <line>
      <![CDATA[Reading data from Excel ]]>
    </line>
    <line>
      <![CDATA[TC validatePinCodeErrorMsg execution is started]]>
    </line>
    <line>
      <![CDATA[TC validatePinCodeErrorMsg is completed sucessfully]]>
    </line>
    <line>
      <![CDATA[Closing browser ]]>
    </line>
    <line>
      <![CDATA[Launching browser]]>
    </line>
    <line>
      <![CDATA[clicking on gender button ]]>
    </line>
    <line>
      <![CDATA[clicking on next button ]]>
    </line>
    <line>
      <![CDATA[Handeling age drop down ]]>
    </line>
    <line>
      <![CDATA[Reading data from Excel ]]>
    </line>
    <line>
      <![CDATA[Clicking on next button ]]>
    </line>
    <line>
      <![CDATA[Entering pin code ]]>
    </line>
    <line>
      <![CDATA[Reading data from Excel ]]>
    </line>
    <line>
      <![CDATA[Entering mobile num ]]>
    </line>
    <line>
      <![CDATA[Reading data from Excel ]]>
    </line>
    <line>
      <![CDATA[Clicking on continue button ]]>
    </line>
    <line>
      <![CDATA[TC validateTestPlansFromTextAndBanners execution is started]]>
    </line>
    <line>
      <![CDATA[Fetching number of results from text ]]>
    </line>
    <line>
      <![CDATA[Fetching number of results from Banners ]]>
    </line>
    <line>
      <![CDATA[TC is passed ]]>
    </line>
    <line>
      <![CDATA[Saved Screenshot atE:\Selenium_Notes\screenshot\coverFoxCF_TC555_2024.01.18.17.19.01.png]]>
    </line>
    <line>
      <![CDATA[TC validateTestPlansFromTextAndBanners is completed sucessfully]]>
    </line>
    <line>
      <![CDATA[Closing browser ]]>
    </line>
  </reporter-output>
  <suite started-at="2024-01-18T17:17:00 IST" name="Suite" finished-at="2024-01-18T17:19:16 IST" duration-ms="135700">
    <groups>
    </groups>
    <test started-at="2024-01-18T17:17:00 IST" name="Test" finished-at="2024-01-18T17:19:16 IST" duration-ms="135700">
      <class name="coverFoxTest.CF_TC555_Validate_search_results_for_healthcare_policies">
        <test-method is-config="true" signature="launchBrowser()[pri:0, instance:coverFoxTest.CF_TC555_Validate_search_results_for_healthcare_policies@43bc63a3]" started-at="2024-01-18T17:18:10 IST" name="launchBrowser" finished-at="2024-01-18T17:18:37 IST" duration-ms="27393" status="PASS">
          <reporter-output>
            <line>
              <![CDATA[Launching browser]]>
            </line>
          </reporter-output>
        </test-method> <!-- launchBrowser -->
        <test-method is-config="true" signature="enterMemeberDeatils()[pri:0, instance:coverFoxTest.CF_TC555_Validate_search_results_for_healthcare_policies@43bc63a3]" started-at="2024-01-18T17:18:37 IST" name="enterMemeberDeatils" finished-at="2024-01-18T17:18:48 IST" duration-ms="11081" status="PASS">
          <reporter-output>
            <line>
              <![CDATA[clicking on gender button ]]>
            </line>
            <line>
              <![CDATA[clicking on next button ]]>
            </line>
            <line>
              <![CDATA[Handeling age drop down ]]>
            </line>
            <line>
              <![CDATA[Reading data from Excel ]]>
            </line>
            <line>
              <![CDATA[Clicking on next button ]]>
            </line>
            <line>
              <![CDATA[Entering pin code ]]>
            </line>
            <line>
              <![CDATA[Reading data from Excel ]]>
            </line>
            <line>
              <![CDATA[Entering mobile num ]]>
            </line>
            <line>
              <![CDATA[Reading data from Excel ]]>
            </line>
            <line>
              <![CDATA[Clicking on continue button ]]>
            </line>
          </reporter-output>
        </test-method> <!-- enterMemeberDeatils -->
        <test-method signature="validateTestPlansFromTextAndBanners()[pri:0, instance:coverFoxTest.CF_TC555_Validate_search_results_for_healthcare_policies@43bc63a3]" started-at="2024-01-18T17:18:48 IST" name="validateTestPlansFromTextAndBanners" finished-at="2024-01-18T17:19:03 IST" duration-ms="14483" status="PASS">
          <reporter-output>
            <line>
              <![CDATA[TC validateTestPlansFromTextAndBanners execution is started]]>
            </line>
            <line>
              <![CDATA[Fetching number of results from text ]]>
            </line>
            <line>
              <![CDATA[Fetching number of results from Banners ]]>
            </line>
            <line>
              <![CDATA[TC is passed ]]>
            </line>
            <line>
              <![CDATA[Saved Screenshot atE:\Selenium_Notes\screenshot\coverFoxCF_TC555_2024.01.18.17.19.01.png]]>
            </line>
            <line>
              <![CDATA[TC validateTestPlansFromTextAndBanners is completed sucessfully]]>
            </line>
          </reporter-output>
        </test-method> <!-- validateTestPlansFromTextAndBanners -->
        <test-method is-config="true" signature="closeBrowser()[pri:0, instance:coverFoxTest.CF_TC555_Validate_search_results_for_healthcare_policies@43bc63a3]" started-at="2024-01-18T17:19:03 IST" name="closeBrowser" finished-at="2024-01-18T17:19:16 IST" duration-ms="13364" status="PASS">
          <reporter-output>
            <line>
              <![CDATA[Closing browser ]]>
            </line>
          </reporter-output>
        </test-method> <!-- closeBrowser -->
      </class> <!-- coverFoxTest.CF_TC555_Validate_search_results_for_healthcare_policies -->
      <class name="coverFoxTest.CF_TC556_Validate_Pincode_Error_Message">
        <test-method is-config="true" signature="launchBrowser()[pri:0, instance:coverFoxTest.CF_TC556_Validate_Pincode_Error_Message@206a70ef]" started-at="2024-01-18T17:17:00 IST" name="launchBrowser" finished-at="2024-01-18T17:17:29 IST" duration-ms="28759" status="PASS">
          <reporter-output>
            <line>
              <![CDATA[Launching browser]]>
            </line>
          </reporter-output>
        </test-method> <!-- launchBrowser -->
        <test-method is-config="true" signature="enterMemberDetails()[pri:0, instance:coverFoxTest.CF_TC556_Validate_Pincode_Error_Message@206a70ef]" started-at="2024-01-18T17:17:29 IST" name="enterMemberDetails" finished-at="2024-01-18T17:18:01 IST" duration-ms="32199" status="PASS">
          <reporter-output>
            <line>
              <![CDATA[Reading data from Excel ]]>
            </line>
            <line>
              <![CDATA[Reading data from Excel ]]>
            </line>
          </reporter-output>
        </test-method> <!-- enterMemberDetails -->
        <test-method signature="validatePinCodeErrorMsg()[pri:0, instance:coverFoxTest.CF_TC556_Validate_Pincode_Error_Message@206a70ef]" started-at="2024-01-18T17:18:01 IST" name="validatePinCodeErrorMsg" finished-at="2024-01-18T17:18:02 IST" duration-ms="600" status="PASS">
          <reporter-output>
            <line>
              <![CDATA[TC validatePinCodeErrorMsg execution is started]]>
            </line>
            <line>
              <![CDATA[TC validatePinCodeErrorMsg is completed sucessfully]]>
            </line>
          </reporter-output>
        </test-method> <!-- validatePinCodeErrorMsg -->
        <test-method is-config="true" signature="closeBrowser()[pri:0, instance:coverFoxTest.CF_TC556_Validate_Pincode_Error_Message@206a70ef]" started-at="2024-01-18T17:18:02 IST" name="closeBrowser" finished-at="2024-01-18T17:18:10 IST" duration-ms="7650" status="PASS">
          <reporter-output>
            <line>
              <![CDATA[Closing browser ]]>
            </line>
          </reporter-output>
        </test-method> <!-- closeBrowser -->
      </class> <!-- coverFoxTest.CF_TC556_Validate_Pincode_Error_Message -->
    </test> <!-- Test -->
  </suite> <!-- Suite -->
</testng-results>
